<?xml version="1.0" encoding="UTF-8"?>
<!-- Generated by org.testng.reporters.JUnitReportReporter -->
<testsuite skipped="0" hostname="OJAS00063" name="com.google.example.GoogleTitleVerifyPageTest" tests="1" failures="0" timestamp="08 Nov 2018 11:48:06 GMT" time="42.998" errors="0">
  <testcase name="titleVerify" time="42.998" classname="com.google.example.GoogleTitleVerifyPageTest"/>
</testsuite> <!-- com.google.example.GoogleTitleVerifyPageTest -->
