<?xml version="1.0" encoding="UTF-8"?>
<!-- Generated by org.testng.reporters.JUnitReportReporter -->
<testsuite skipped="0" hostname="OJAS00063" name="com.google.example.GoogleTitleVerifyPageTest" tests="1" failures="0" timestamp="21 Dec 2018 07:07:33 GMT" time="12.503" errors="0">
  <testcase name="titleVerify" time="12.503" classname="com.google.example.GoogleTitleVerifyPageTest"/>
</testsuite> <!-- com.google.example.GoogleTitleVerifyPageTest -->
